
          -------------------------------------------------------
          Amber 18 SANDER                              2018
          -------------------------------------------------------

| Run on 10/29/2023 at 20:41:38

|   Executable path: sander
| Working directory: /home/anderson.santo/BilirrubinaQMpH7/BilirrubinaQMOOH
|          Hostname: localhost.localdomain

  [-O]verwriting output

File Assignments:
|  MDIN: min_qmmm.in                                                           
| MDOUT: min_qmmm0.out                                                         
|INPCRD: Min.ncrst                                                             
|  PARM: Bilirrubina.prmtop                                                    
|RESTRT: min_qmmm.ncrst                                                        
|  REFC: refc                                                                  
| MDVEL: mdvel                                                                 
| MDFRC: mdfrc                                                                 
|  MDEN: mden                                                                  
| MDCRD: mdcrd                                                                 
|MDINFO: mdinfo                                                                
|  MTMD: mtmd                                                                  
|INPDIP: inpdip                                                                
|RSTDIP: rstdip                                                                
|INPTRA: inptraj                                                               


 Here is the input file:

Initial min of our structure QMMM                                              
 &cntrl                                                                        
  imin=1, maxcyc=2000, ncyc=200,                                               
  cut=10.0, ntb=0, ntc=2, ntf=2,                                               
  ifqnt=1,                                                                     
 /                                                                             
  &qmmm                                                                        
 iqmatoms=1457, 1458, 1459, 1460, 1461, 1462, 1463, 1464, 1465, 1466, 1467,    
1493, 1494, 1495, 1496,1497, 1498, 1499, 1500, 1501, 1502, 1503,               
1623, 1624, 1625, 1626, 1627, 1628,                                            
2094, 2095, 2096, 2097, 2098, 2099, 2100, 2101, 2102, 2103, 2104,              
2123, 2124, 2125, 2126, 2127, 2128, 2129, 2130, 2131, 2132, 2133,              
6198, 6199, 6200, 6201, 6202, 6203, 6204, 6205, 6206, 6207, 6208,              
6234, 6235, 6236, 6237, 6238, 6239, 6240, 6241, 6242, 6243, 6244,              
6660, 6661, 6662, 6663,6664, 6665,                                             
7081, 7082, 7083, 7084, 7085, 7086, 7087, 7088, 7089, 7090, 7091,              
7108, 7109, 7110, 7111, 7112, 7113, 7114, 7115, 7116, 7117, 7118,              
7197, 7198, 7199, 7200,7201, 7202,7203, 8284, 8285, 8286,                      
 8302,8303,8304, 8305, 8306, 8307,8308,8309,8310,                              
 8287, 8288, 8289,                                                             
                                                                               
                                                                               
qmcharge=0,                                                                    
 spin=1,                                                                       
 qm_theory='EXTERN',                                                           
 qmshake=1,                                                                    
 qm_ewald=0,                                                                   
 qmcut=100.0,                                                                  
 /                                                                             
 &orc                                                                          
 num_threads=8,                                                                
 method='b3lyp UKS',                                                           
 basis='def2-SVP',                                                             
 maxiter=500,                                                                  
 /                                                                             

--------------------------------------------------------------------------------
   1.  RESOURCE   USE: 
--------------------------------------------------------------------------------

| Flags:                                                                        
|    NONPERIODIC   ntb=0 and igb=0: Setting up nonperiodic simulation
|Largest sphere to fit in unit cell has radius =    73.446
| New format PARM file being parsed.
| Version =    1.000 Date = 05/10/21 Time = 16:26:35
 NATOM  =   67173 NTYPES =      18 NBONH =   62922 MBONA  =    4377
 NTHETH =    9143 MTHETA =    6003 NPHIH =   19290 MPHIA  =   18826
 NHPARM =       0 NPARM  =       0 NNB   =  124358 NRES   =   20174
 NBONA  =    4377 NTHETA =    6003 NPHIA =   18826 NUMBND =      74
 NUMANG =     170 NPTRA  =     205 NATYP =      40 NPHB   =       1
 IFBOX  =       1 NMXRS  =      24 IFCAP =       0 NEXTRA =       0
 NCOPY  =       0


|     Memory Use     Allocated
|     Real             5246053
|     Hollerith         221695
|     Integer          3371217
|     Max Pairs       22391000
|     nblistReal        806076
|     nblist Int      10242116
|       Total           188790 kbytes

| Note: 1-4 EEL scale factors are being read from the topology file.

| Note: 1-4 VDW scale factors are being read from the topology file.
| Duplicated    0 dihedrals
| Duplicated    0 dihedrals

     BOX TYPE: RECTILINEAR

--------------------------------------------------------------------------------
   2.  CONTROL  DATA  FOR  THE  RUN
--------------------------------------------------------------------------------

default_name                                                                    

General flags:
     imin    =       1, nmropt  =       0

Nature and format of input:
     ntx     =       1, irest   =       0, ntrx    =       1

Nature and format of output:
     ntxo    =       2, ntpr    =      50, ntrx    =       1, ntwr    =       1
     iwrap   =       0, ntwx    =       0, ntwv    =       0, ntwe    =       0
     ioutfm  =       1, ntwprt  =       0, idecomp =       0, rbornstat=      0

Potential function:
     ntf     =       2, ntb     =       0, igb     =       0, nsnb    =      25
     ipol    =       0, gbsa    =       0, iesp    =       0
     dielc   =   1.00000, cut     =  10.00000, intdiel =   1.00000

Frozen or restrained atoms:
     ibelly  =       0, ntr     =       0

Energy minimization:
     maxcyc  =    2000, ncyc    =     200, ntmin   =       1
     dx0     =   0.01000, drms    =   0.00010

SHAKE:
     ntc     =       2, jfastw  =       0
     tol     =   0.00001

QMMM options:
             ifqnt = True       nquant =      122
              qmgb =        0  qmcharge =        0   adjust_q =        2
              spin =        1     qmcut = 100.0000    qmshake =        1
          qmmm_int =        1
     lnk_atomic_no =        1   lnk_dis =   1.0900 lnk_method =        1
          qm_theory =     EXTERN verbosity =        0
            qmqmdx = Analytical
          qm_ewald =        0 qm_pme = False 
|  INFO: Old style inpcrd file read


--------------------------------------------------------------------------------
   3.  ATOMIC COORDINATES AND VELOCITIES
--------------------------------------------------------------------------------

default_name                                                                    
 begin time read from input coords =     0.000 ps

 Number of triangulated 3-point waters found:    19621

     Sum of charges from parm topology file =  -0.00000016
     Forcing neutrality...
QMMM: ADJUSTING CHARGES
QMMM: ----------------------------------------------------------------------
QMMM: adjust_q = 2
QMMM: Uniformly adjusting the charge of MM atoms to conserve total charge.
QMMM:                             qm_charge =    0
QMMM: QM atom RESP charge sum (inc MM link) =    0.493
QMMM: Adjusting each MM atom resp charge by =    0.000
QMMM:          Sum of MM + QM region is now =   -0.000
QMMM: ----------------------------------------------------------------------
 ---------------------------------------------------

     eedmeth=4: Setting switch to one everywhere

 ---------------------------------------------------
| Local SIZE OF NONBOND LIST =   11740183
| TOTAL SIZE OF NONBOND LIST =   11740183

QMMM: Link Atom Information
QMMM: ------------------------------------------------------------------------
QMMM:  nlink =    11                   Link Coords              Resp Charges
QMMM:    MM(typ)  -  QM(typ)      X         Y         Z         MM        QM
QMMM:  1455 CX     1457 CT      37.019    39.435    51.280     0.019    -0.046
QMMM:  1491 CX     1493 CT      41.180    37.340    47.430    -0.058    -0.007
QMMM:  1621 CX     1623 2C      33.822    34.888    52.205     0.038    -0.030
QMMM:  2092 CX     2094 CT      40.494    44.133    50.700     0.019    -0.046
QMMM:  2121 CX     2123 CT      33.988    43.934    49.654     0.019    -0.046
QMMM:  6196 CX     6198 CT      36.927    37.472    39.226     0.019    -0.046
QMMM:  6232 CX     6234 CT      34.391    33.879    44.626     0.019    -0.046
QMMM:  6658 CX     6660 2C      40.879    32.920    40.385     0.038    -0.030
QMMM:  7079 CX     7081 CT      32.273    40.861    39.467     0.019    -0.046
QMMM:  7106 CX     7108 CT      38.163    43.641    39.679     0.019    -0.046
QMMM:  7194 2C     7197 2C      33.259    46.070    41.535    -0.007    -0.017
QMMM: ------------------------------------------------------------------------

  QMMM: QM Region Cartesian Coordinates (*=link atom) 
  QMMM: QM_NO.   MM_NO.  ATOM         X         Y         Z
  QMMM:     1     1457      C       36.5921   39.6504   50.3002
  QMMM:     2     1458      H       35.5200   39.8084   50.4169
  QMMM:     3     1459      H       37.0260   40.5799   49.9318
  QMMM:     4     1460      C       36.7998   38.5867   49.2511
  QMMM:     5     1461      N       36.3006   37.3047   49.2600
  QMMM:     6     1462      H       35.6674   36.9232   49.9482
  QMMM:     7     1463      C       36.6176   36.7162   48.0964
  QMMM:     8     1464      H       36.2899   35.7319   47.7960
  QMMM:     9     1465      N       37.3091   37.5688   47.3291
  QMMM:    10     1466      C       37.4587   38.7470   48.0661
  QMMM:    11     1467      H       37.9469   39.6527   47.7378
  QMMM:    12     1493      C       41.5235   38.2272   46.8981
  QMMM:    13     1494      H       41.0092   39.0962   47.3083
  QMMM:    14     1495      H       42.5909   38.3597   47.0745
  QMMM:    15     1496      C       41.2839   38.2111   45.4066
  QMMM:    16     1497      N       40.8198   39.2725   44.6159
  QMMM:    17     1498      C       40.6697   38.7686   43.3802
  QMMM:    18     1499      H       40.2931   39.3058   42.5223
  QMMM:    19     1500      N       41.0532   37.4894   43.3425
  QMMM:    20     1501      H       41.0206   36.8694   42.5459
  QMMM:    21     1502      C       41.4354   37.1197   44.6026
  QMMM:    22     1503      H       41.7687   36.1301   44.8781
  QMMM:    23     1623      C       33.3790   34.3421   51.3721
  QMMM:    24     1624      H       33.1434   33.3245   51.6835
  QMMM:    25     1625      H       32.4415   34.8194   51.0868
  QMMM:    26     1626      C       34.3255   34.2688   50.1618
  QMMM:    27     1627      O       33.8734   34.5314   49.0284
  QMMM:    28     1628      O       35.5230   33.9378   50.3404
  QMMM:    29     2094      C       40.6850   44.4595   49.6773
  QMMM:    30     2095      H       40.3064   45.4737   49.5500
  QMMM:    31     2096      H       41.7630   44.5082   49.5233
  QMMM:    32     2097      C       40.0902   43.6061   48.5848
  QMMM:    33     2098      N       38.7648   43.5484   48.2052
  QMMM:    34     2099      H       38.0053   44.0827   48.6025
  QMMM:    35     2100      C       38.6825   42.7528   47.1214
  QMMM:    36     2101      H       37.7779   42.5519   46.5666
  QMMM:    37     2102      N       39.9005   42.2964   46.7850
  QMMM:    38     2103      C       40.7934   42.8070   47.7257
  QMMM:    39     2104      H       41.8623   42.6532   47.7408
  QMMM:    40     2123      C       33.9722   42.8442   49.6811
  QMMM:    41     2124      H       34.9433   42.4775   50.0136
  QMMM:    42     2125      H       33.2310   42.5099   50.4072
  QMMM:    43     2126      C       33.6873   42.2145   48.3431
  QMMM:    44     2127      N       32.6899   42.5770   47.4676
  QMMM:    45     2128      H       32.0040   43.2969   47.6445
  QMMM:    46     2129      C       32.8569   41.8806   46.3315
  QMMM:    47     2130      H       32.2617   41.9933   45.4373
  QMMM:    48     2131      N       33.9025   41.0528   46.4511
  QMMM:    49     2132      C       34.4556   41.2768   47.7114
  QMMM:    50     2133      H       35.3548   40.8229   48.1010
  QMMM:    51     6198      C       37.3516   38.0796   40.0253
  QMMM:    52     6199      H       38.3050   38.4928   39.6961
  QMMM:    53     6200      H       36.6814   38.9186   40.2120
  QMMM:    54     6201      C       37.5634   37.3523   41.3309
  QMMM:    55     6202      N       38.2817   36.1961   41.5327
  QMMM:    56     6203      H       38.7710   35.6531   40.8357
  QMMM:    57     6204      C       38.3357   35.9543   42.8498
  QMMM:    58     6205      H       38.9490   35.1877   43.3000
  QMMM:    59     6206      N       37.6755   36.9098   43.5186
  QMMM:    60     6207      C       37.1330   37.7683   42.5584
  QMMM:    61     6208      H       36.5692   38.6708   42.7431
  QMMM:    62     6234      C       33.6401   34.2879   45.3012
  QMMM:    63     6235      H       32.6530   34.1156   44.8721
  QMMM:    64     6236      H       33.6757   33.7427   46.2444
  QMMM:    65     6237      C       33.7767   35.7516   45.6447
  QMMM:    66     6238      N       33.6279   36.2560   46.9141
  QMMM:    67     6239      H       33.5713   35.6958   47.7525
  QMMM:    68     6240      C       33.8516   37.5769   46.8722
  QMMM:    69     6241      H       33.8981   38.2187   47.7396
  QMMM:    70     6242      N       34.0920   37.9660   45.6119
  QMMM:    71     6243      C       34.0471   36.8124   44.8183
  QMMM:    72     6244      H       34.2295   36.7596   43.7551
  QMMM:    73     6660      C       40.7978   32.8351   41.4690
  QMMM:    74     6661      H       39.7377   32.8129   41.7220
  QMMM:    75     6662      H       41.2299   31.8843   41.7809
  QMMM:    76     6663      C       41.4446   33.9708   42.2671
  QMMM:    77     6664      O       41.2197   35.1542   41.9394
  QMMM:    78     6665      O       42.1859   33.7150   43.2486
  QMMM:    79     7081      C       32.1491   41.4986   40.3421
  QMMM:    80     7082      H       32.1922   42.5444   40.0380
  QMMM:    81     7083      H       31.1582   41.3257   40.7620
  QMMM:    82     7084      C       33.1439   41.3089   41.4504
  QMMM:    83     7085      N       34.3405   41.9699   41.5617
  QMMM:    84     7086      H       34.6943   42.6667   40.9218
  QMMM:    85     7087      C       34.9207   41.5862   42.7044
  QMMM:    86     7088      H       35.8619   41.9708   43.0685
  QMMM:    87     7089      N       34.1556   40.6809   43.3336
  QMMM:    88     7090      C       33.0156   40.4988   42.5477
  QMMM:    89     7091      H       32.1748   39.8585   42.7700
  QMMM:    90     7108      C       38.9835   42.9581   39.9009
  QMMM:    91     7109      H       38.6667   41.9395   39.6768
  QMMM:    92     7110      H       39.8354   43.1843   39.2597
  QMMM:    93     7111      C       39.4299   42.9916   41.3475
  QMMM:    94     7112      N       39.8270   44.0959   42.0653
  QMMM:    95     7113      H       39.8064   45.0405   41.7082
  QMMM:    96     7114      C       40.1201   43.7056   43.3200
  QMMM:    97     7115      H       40.4540   44.3625   44.1096
  QMMM:    98     7116      N       39.9488   42.3796   43.4474
  QMMM:    99     7117      C       39.4599   41.9324   42.2100
  QMMM:   100     7118      H       39.1672   40.9242   41.9566
  QMMM:   101     7197      C       32.9255   45.3884   42.3176
  QMMM:   102     7198      H       32.1943   45.8881   42.9529
  QMMM:   103     7199      H       32.4453   44.5208   41.8651
  QMMM:   104     7200      C       34.0645   44.8971   43.2105
  QMMM:   105     7201      O       35.2588   44.9454   42.9497
  QMMM:   106     7202      O       33.6719   44.3634   44.3848
  QMMM:   107     7203      H       34.4850   44.1320   44.8397
  QMMM:   108     8284      Cu      34.6464   39.8253   45.0714
  QMMM:   109     8285      Cu      40.3381   41.2234   45.1279
  QMMM:   110     8286      Cu      37.9455   37.3315   45.4500
  QMMM:   111     8287      O       37.5417   40.4601   43.9913
  QMMM:   112     8288      O       37.5049   40.3536   45.4939
  QMMM:   113     8289      H       37.8192   41.3818   43.8489
  QMMM:   114     8302      O       38.2372   34.5458   46.0074
  QMMM:   115     8303      H       38.2813   33.9150   45.2888
  QMMM:   116     8304      H       37.6678   34.1311   46.6555
  QMMM:   117     8305      O       36.4932   33.3191   47.7921
  QMMM:   118     8306      H       37.0383   32.6638   48.2277
  QMMM:   119     8307      H       35.9232   33.6547   48.4840
  QMMM:   120     8308      O       38.0968   32.7386   43.9785
  QMMM:   121     8309      H       38.4300   31.8904   43.6858
  QMMM:   122     8310      H       37.5140   33.0230   43.2743
  QMMM:   123              *H       37.0194   39.4346   51.2795
  QMMM:   124              *H       41.1803   37.3400   47.4304
  QMMM:   125              *H       33.8222   34.8884   52.2048
  QMMM:   126              *H       40.4939   44.1329   50.6995
  QMMM:   127              *H       33.9877   43.9337   49.6537
  QMMM:   128              *H       36.9270   37.4718   39.2264
  QMMM:   129              *H       34.3914   33.8791   44.6255
  QMMM:   130              *H       40.8792   32.9200   40.3854
  QMMM:   131              *H       32.2734   40.8610   39.4668
  QMMM:   132              *H       38.1631   43.6405   39.6788
  QMMM:   133              *H       33.2585   46.0700   41.5349

--------------------------------------------------------------------------------
  3.1 QM CALCULATION INFO
--------------------------------------------------------------------------------

| Please also cite the following work for the use of the QM/MM interface:

| A. W. G"otz, M. A. Clark, R. C. Walker
| "An extensible interface for ab initio QM/MM molecular dynamics simulations
|  with AMBER"
| J. Comput. Chem. 35 (2014) 95-108.
| DOI: 10.1002/jcc.23444

 Constants for unit conversion taken from
 Mohr, Taylor, Newell, Rev. Mod. Phys. 80 (2008) 633-730
 and using the thermochemical calorie (1 cal = 4.184 J):

 A_TO_BOHRS  =  1.889726132873E+00
 AU_TO_KCAL  =  6.2750946943E+02
 AU_TO_DEBYE =  2.54174623E+00

   >>> Running QM calculation with Orca <<<

| Program orca found!
| Executable location: /usr/apps/orca_3_0_2_linux_x86-64/orca


| "NONE" or "-1" indicates ORCA default values

| &orc
|   basis        = DEF2-SVP            
|   cbasis       = NONE                
|   jbasis       = NONE                
|   method       = b3lyp UKS           
|   convkey      = verytightscf        
|   guess        = read                
|   scfconv      =   -1
|   grid         =    4
|   finalgrid    =    6
|   maxiter      =  500
|   maxcore      = 1024
|   ntpr         = 50
|   num_threads  = 8
|   debug        =  0
|   dipole       = F
|   use_template = F
| /
--------------------------------------------------------------------------------
   4.  RESULTS
--------------------------------------------------------------------------------


   NSTEP       ENERGY          RMS            GMAX         NAME    NUMBER
      1      -5.3705E+06     1.8933E+01     6.5213E+01     O       51463

 BOND    =      299.7305  ANGLE   =     1117.6957  DIHED      =     6258.5041
 VDWAALS =    47173.1234  EEL     =  -357949.9766  HBOND      =        0.0000
 1-4 VDW =     1648.3199  1-4 EEL =    18589.8791  RESTRAINT  =        0.0000
 EXTERNESCF = -5087620.2875


   NSTEP       ENERGY          RMS            GMAX         NAME    NUMBER
     50      -5.3730E+06     1.8727E+01     5.8276E+01     O       43423

 BOND    =      293.3327  ANGLE   =     1136.3219  DIHED      =     6259.6127
 VDWAALS =    45445.2611  EEL     =  -358738.1222  HBOND      =        0.0000
 1-4 VDW =     1648.9923  1-4 EEL =    18578.3503  RESTRAINT  =        0.0000
 EXTERNESCF = -5087635.8826


   NSTEP       ENERGY          RMS            GMAX         NAME    NUMBER
    100      -5.3730E+06     1.8727E+01     5.8276E+01     O       43423

 BOND    =      293.3327  ANGLE   =     1136.3222  DIHED      =     6259.6128
 VDWAALS =    45445.2330  EEL     =  -358731.2526  HBOND      =        0.0000
 1-4 VDW =     1648.9923  1-4 EEL =    18578.3504  RESTRAINT  =        0.0000
 EXTERNESCF = -5087635.8829


   NSTEP       ENERGY          RMS            GMAX         NAME    NUMBER
    150      -5.3730E+06     1.8727E+01     5.8276E+01     O       43423

 BOND    =      293.3327  ANGLE   =     1136.3225  DIHED      =     6259.6128
 VDWAALS =    45445.2049  EEL     =  -358731.2214  HBOND      =        0.0000
 1-4 VDW =     1648.9923  1-4 EEL =    18578.3503  RESTRAINT  =        0.0000
 EXTERNESCF = -5087635.8833


   NSTEP       ENERGY          RMS            GMAX         NAME    NUMBER
    200      -5.3730E+06     1.8727E+01     5.8276E+01     O       43423

 BOND    =      293.3327  ANGLE   =     1136.3227  DIHED      =     6259.6128
 VDWAALS =    45445.1786  EEL     =  -358748.5124  HBOND      =        0.0000
 1-4 VDW =     1648.9923  1-4 EEL =    18578.3503  RESTRAINT  =        0.0000
 EXTERNESCF = -5087635.8831

     ... RESTARTED DUE TO LINMIN FAILURE ...

     ... RESTARTED DUE TO LINMIN FAILURE ...


   NSTEP       ENERGY          RMS            GMAX         NAME    NUMBER
    250      -5.3730E+06     1.8727E+01     5.8276E+01     O       43423

 BOND    =      293.3327  ANGLE   =     1136.3229  DIHED      =     6259.6128
 VDWAALS =    45445.1659  EEL     =  -358755.1069  HBOND      =        0.0000
 1-4 VDW =     1648.9923  1-4 EEL =    18578.3502  RESTRAINT  =        0.0000
 EXTERNESCF = -5087635.8833

     ... RESTARTED DUE TO LINMIN FAILURE ...

     ... RESTARTED DUE TO LINMIN FAILURE ...


   NSTEP       ENERGY          RMS            GMAX         NAME    NUMBER
    300      -5.3730E+06     1.8727E+01     5.8276E+01     O       43423

 BOND    =      293.3326  ANGLE   =     1136.3231  DIHED      =     6259.6129
 VDWAALS =    45445.1438  EEL     =  -358760.8554  HBOND      =        0.0000
 1-4 VDW =     1648.9923  1-4 EEL =    18578.3499  RESTRAINT  =        0.0000
 EXTERNESCF = -5087635.8834

     ... RESTARTED DUE TO LINMIN FAILURE ...

     ***** REPEATED LINMIN FAILURE *****

     ***** SEE http://ambermd.org/Questions/linmin.html FOR MORE INFO *****


                    FINAL RESULTS



   NSTEP       ENERGY          RMS            GMAX         NAME    NUMBER
    316      -5.3730E+06     1.8727E+01     5.8276E+01     O       43423

 BOND    =      293.3326  ANGLE   =     1136.3232  DIHED      =     6259.6129
 VDWAALS =    45445.1368  EEL     =  -358760.8475  HBOND      =        0.0000
 1-4 VDW =     1648.9923  1-4 EEL =    18578.3498  RESTRAINT  =        0.0000
 EXTERNESCF = -5087635.8840

--------------------------------------------------------------------------------
   5.  TIMINGS
--------------------------------------------------------------------------------

|                Build the list             5.43 (100.0% of List )
|                Other                      0.00 ( 0.08% of List )
|             List time                  5.44 ( 3.41% of Nonbo)
|                   Short_ene time           152.35 (99.25% of Direc)
|                   Other                      1.15 ( 0.75% of Direc)
|                Direct Ewald time        153.50 (99.80% of Ewald)
|                Other                      0.31 ( 0.20% of Ewald)
|             Ewald time               153.81 (96.59% of Nonbo)
|          Nonbond force            159.25 ( 0.02% of Force)
|          QMMM                  641983.70 (100.0% of Force)
|       Force time            642147.02 (100.0% of Runmd)
|    Runmd Time            642147.02 (100.0% of Total)
| Total time            642150.34 (100.0% of ALL  )

| Number of list builds   :         13

| Highest rstack allocated:       1420
| Highest istack allocated:        284
|           Job began  at 20:41:38.091  on 10/29/2023
|           Setup done at 20:41:38.714  on 10/29/2023
|           Run   done at 08:04:08.433  on 11/06/2023
|     wallclock() was called   10814 times

|3D-RISM memory allocation summary
|Type          Maximum        Current   
|Integer       0.00000 GB     0.00000 GB
|Real          0.00000 GB     0.00000 GB
|Logical       0.00000 GB     0.00000 GB
|Character     0.00000 GB     0.00000 GB
|---------------------------------------
|Total         0.00000 GB     0.00000 GB
