
          -------------------------------------------------------
          Amber 18 SANDER                              2018
          -------------------------------------------------------

| Run on 06/28/2023 at 12:29:09

|   Executable path: sander
| Working directory: /home/anderson.santo/BilirrubinaQMpH7/BilirrubinaQM2H2O-H
|          Hostname: localhost.localdomain

  [-O]verwriting output

File Assignments:
|  MDIN: min_qmmm.in                                                           
| MDOUT: min_qmmm+4.out                                                        
|INPCRD: min.ncrst                                                             
|  PARM: Bilirrubina.prmtop                                                    
|RESTRT: min_qmmm.ncrst                                                        
|  REFC: refc                                                                  
| MDVEL: mdvel                                                                 
| MDFRC: mdfrc                                                                 
|  MDEN: mden                                                                  
| MDCRD: mdcrd                                                                 
|MDINFO: mdinfo                                                                
|  MTMD: mtmd                                                                  
|INPDIP: inpdip                                                                
|RSTDIP: rstdip                                                                
|INPTRA: inptraj                                                               


 Here is the input file:

Initial min of our structure QMMM                                              
 &cntrl                                                                        
  imin=1, maxcyc=2000, ncyc=200,                                               
  cut=10, ntb=0, ntc=2, ntf=2,                                                 
  ifqnt=1,                                                                     
 /                                                                             
  &qmmm                                                                        
 iqmatoms=1457, 1458, 1459, 1460, 1461, 1462, 1463, 1464, 1465, 1466, 1467,    
1493, 1494, 1495, 1496,1497, 1498, 1499, 1500, 1501, 1502, 1503,               
1623, 1624, 1625, 1626, 1627, 1628,                                            
2094, 2095, 2096, 2097, 2098, 2099, 2100, 2101, 2102, 2103, 2104,              
2123, 2124, 2125, 2126, 2127, 2128, 2129, 2130, 2131, 2132, 2133,              
6198, 6199, 6200, 6201, 6202, 6203, 6204, 6205, 6206, 6207, 6208,              
6234, 6235, 6236, 6237, 6238, 6239, 6240, 6241, 6242, 6243, 6244,              
6660, 6661, 6662, 6663,6664, 6665,                                             
7081, 7082, 7083, 7084, 7085, 7086, 7087, 7088, 7089, 7090, 7091,              
7108, 7109, 7110, 7111, 7112, 7113, 7114, 7115, 7116, 7117, 7118,              
7197, 7198, 7199, 7200,7201, 7202,                                             
8283,8284, 8285,                                                               
8298,8299,8300,8301,8302,8303,8304, 8305, 8306, 8307,8308,8309,8310,8311,8312, 
                                                                               
                                                                               
                                                                               
qmcharge=4,                                                                    
 spin=1,                                                                       
 qm_theory='EXTERN',                                                           
 qmshake=1,                                                                    
 qm_ewald=0,                                                                   
 qmcut=100,                                                                    
 /                                                                             
 &orc                                                                          
 num_threads=8,                                                                
 method='b3lyp UKS',                                                           
 basis='def2-SVP',                                                             
 maxiter=500,                                                                  
 /                                                                             
                                                                               

--------------------------------------------------------------------------------
   1.  RESOURCE   USE: 
--------------------------------------------------------------------------------

| Flags:                                                                        
|    NONPERIODIC   ntb=0 and igb=0: Setting up nonperiodic simulation
|Largest sphere to fit in unit cell has radius =    78.906
| New format PARM file being parsed.
| Version =    1.000 Date = 08/03/22 Time = 00:24:48
 NATOM  =   92549 NTYPES =      18 NBONH =   88300 MBONA  =    4376
 NTHETH =    9141 MTHETA =    6003 NPHIH =   19280 MPHIA  =   18825
 NHPARM =       0 NPARM  =       0 NNB   =  158190 NRES   =   28633
 NBONA  =    4376 NTHETA =    6003 NPHIA =   18825 NUMBND =      72
 NUMANG =     169 NPTRA  =     205 NATYP =      37 NPHB   =       1
 IFBOX  =       1 NMXRS  =      24 IFCAP =       0 NEXTRA =       0
 NCOPY  =       0


|     Memory Use     Allocated
|     Real             7225676
|     Hollerith         306282
|     Integer          3945937
|     Max Pairs       30849666
|     nblistReal       1110588
|     nblist Int      12855467
|       Total           252460 kbytes

| Note: 1-4 EEL scale factors are being read from the topology file.

| Note: 1-4 VDW scale factors are being read from the topology file.
| Duplicated    0 dihedrals
| Duplicated    0 dihedrals

     BOX TYPE: RECTILINEAR

--------------------------------------------------------------------------------
   2.  CONTROL  DATA  FOR  THE  RUN
--------------------------------------------------------------------------------

default_name                                                                    

General flags:
     imin    =       1, nmropt  =       0

Nature and format of input:
     ntx     =       1, irest   =       0, ntrx    =       1

Nature and format of output:
     ntxo    =       2, ntpr    =      50, ntrx    =       1, ntwr    =       1
     iwrap   =       0, ntwx    =       0, ntwv    =       0, ntwe    =       0
     ioutfm  =       1, ntwprt  =       0, idecomp =       0, rbornstat=      0

Potential function:
     ntf     =       2, ntb     =       0, igb     =       0, nsnb    =      25
     ipol    =       0, gbsa    =       0, iesp    =       0
     dielc   =   1.00000, cut     =  10.00000, intdiel =   1.00000

Frozen or restrained atoms:
     ibelly  =       0, ntr     =       0

Energy minimization:
     maxcyc  =    2000, ncyc    =     200, ntmin   =       1
     dx0     =   0.01000, drms    =   0.00010

SHAKE:
     ntc     =       2, jfastw  =       0
     tol     =   0.00001

QMMM options:
             ifqnt = True       nquant =      124
              qmgb =        0  qmcharge =        4   adjust_q =        2
              spin =        1     qmcut = 100.0000    qmshake =        1
          qmmm_int =        1
     lnk_atomic_no =        1   lnk_dis =   1.0900 lnk_method =        1
          qm_theory =     EXTERN verbosity =        0
            qmqmdx = Analytical
          qm_ewald =        0 qm_pme = False 
|  INFO: Old style inpcrd file read


--------------------------------------------------------------------------------
   3.  ATOMIC COORDINATES AND VELOCITIES
--------------------------------------------------------------------------------

default_name                                                                    
 begin time read from input coords =     0.000 ps

 Number of triangulated 3-point waters found:    28079

     Sum of charges from parm topology file =  -0.00000016
     Forcing neutrality...
QMMM: ADJUSTING CHARGES
QMMM: ----------------------------------------------------------------------
QMMM: adjust_q = 2
QMMM: Uniformly adjusting the charge of MM atoms to conserve total charge.
QMMM:                             qm_charge =    4
QMMM: QM atom RESP charge sum (inc MM link) =    0.675
QMMM: Adjusting each MM atom resp charge by =   -0.000
QMMM:          Sum of MM + QM region is now =   -0.000
QMMM: ----------------------------------------------------------------------
 ---------------------------------------------------

     eedmeth=4: Setting switch to one everywhere

 ---------------------------------------------------
| Local SIZE OF NONBOND LIST =   16628705
| TOTAL SIZE OF NONBOND LIST =   16628705

QMMM: Link Atom Information
QMMM: ------------------------------------------------------------------------
QMMM:  nlink =    11                   Link Coords              Resp Charges
QMMM:    MM(typ)  -  QM(typ)      X         Y         Z         MM        QM
QMMM:  1455 CX     1457 CT      41.979    44.449    55.932     0.019    -0.046
QMMM:  1491 CX     1493 CT      46.155    42.303    52.235    -0.058    -0.007
QMMM:  1621 CX     1623 2C      38.867    39.817    57.006     0.038    -0.030
QMMM:  2092 CX     2094 CT      45.567    48.956    55.554     0.019    -0.046
QMMM:  2121 CX     2123 CT      38.733    48.858    54.370     0.019    -0.046
QMMM:  6196 CX     6198 CT      41.904    42.519    44.022     0.019    -0.046
QMMM:  6232 CX     6234 CT      39.355    38.830    49.438     0.019    -0.046
QMMM:  6658 CX     6660 2C      45.800    37.888    45.206     0.038    -0.030
QMMM:  7079 CX     7081 CT      37.200    45.711    44.167     0.019    -0.046
QMMM:  7106 CX     7108 CT      42.982    48.523    44.503     0.019    -0.046
QMMM:  7194 2C     7197 2C      38.603    50.947    46.863     0.056     0.014
QMMM: ------------------------------------------------------------------------

  QMMM: QM Region Cartesian Coordinates (*=link atom) 
  QMMM: QM_NO.   MM_NO.  ATOM         X         Y         Z
  QMMM:     1     1457      C       41.5230   44.7323   54.9836
  QMMM:     2     1458      H       40.4594   44.9002   55.1527
  QMMM:     3     1459      H       41.9607   45.6719   54.6462
  QMMM:     4     1460      C       41.6743   43.7118   53.8858
  QMMM:     5     1461      N       41.2216   42.4159   53.9149
  QMMM:     6     1462      H       40.6676   42.0009   54.6503
  QMMM:     7     1463      C       41.5677   41.8140   52.7714
  QMMM:     8     1464      H       41.3298   40.7900   52.5237
  QMMM:     9     1465      N       42.2183   42.6803   51.9809
  QMMM:    10     1466      C       42.3105   43.8855   52.6889
  QMMM:    11     1467      H       42.7875   44.7971   52.3604
  QMMM:    12     1493      C       46.4807   43.1980   51.7050
  QMMM:    13     1494      H       45.9591   44.0586   52.1237
  QMMM:    14     1495      H       47.5471   43.3458   51.8758
  QMMM:    15     1496      C       46.2338   43.1826   50.2150
  QMMM:    16     1497      N       45.7311   44.2323   49.4277
  QMMM:    17     1498      C       45.6560   43.7423   48.1764
  QMMM:    18     1499      H       45.3277   44.2846   47.3019
  QMMM:    19     1500      N       46.0699   42.4731   48.1418
  QMMM:    20     1501      H       46.0878   41.8618   47.3381
  QMMM:    21     1502      C       46.4338   42.1048   49.4060
  QMMM:    22     1503      H       46.8104   41.1299   49.6780
  QMMM:    23     1623      C       38.4032   39.2833   56.1762
  QMMM:    24     1624      H       38.1608   38.2662   56.4841
  QMMM:    25     1625      H       37.4674   39.7746   55.9097
  QMMM:    26     1626      C       39.3290   39.2077   54.9503
  QMMM:    27     1627      O       38.8679   39.5041   53.8281
  QMMM:    28     1628      O       40.5195   38.8390   55.1033
  QMMM:    29     2094      C       45.8787   49.2719   54.5579
  QMMM:    30     2095      H       45.6425   50.3291   54.4373
  QMMM:    31     2096      H       46.9615   49.1851   54.4677
  QMMM:    32     2097      C       45.2479   48.5487   53.4003
  QMMM:    33     2098      N       44.0571   48.8931   52.8109
  QMMM:    34     2099      H       43.3502   49.5158   53.1751
  QMMM:    35     2100      C       43.9482   48.1947   51.6781
  QMMM:    36     2101      H       43.1604   48.3456   50.9549
  QMMM:    37     2102      N       44.9699   47.3397   51.5369
  QMMM:    38     2103      C       45.8064   47.5540   52.6391
  QMMM:    39     2104      H       46.7645   47.0888   52.8186
  QMMM:    40     2123      C       38.5813   47.7802   54.4206
  QMMM:    41     2124      H       39.4764   47.3063   54.8234
  QMMM:    42     2125      H       37.7587   47.5496   55.0976
  QMMM:    43     2126      C       38.3104   47.1688   53.0712
  QMMM:    44     2127      N       37.5627   47.7279   52.0624
  QMMM:    45     2128      H       37.0459   48.5923   52.1402
  QMMM:    46     2129      C       37.8109   47.0487   50.9319
  QMMM:    47     2130      H       37.4578   47.3337   49.9519
  QMMM:    48     2131      N       38.6287   46.0158   51.1815
  QMMM:    49     2132      C       38.9693   46.1024   52.5313
  QMMM:    50     2133      H       39.7009   45.4966   53.0454
  QMMM:    51     6198      C       42.3126   43.1739   44.7915
  QMMM:    52     6199      H       43.2389   43.6209   44.4306
  QMMM:    53     6200      H       41.6044   43.9837   44.9669
  QMMM:    54     6201      C       42.5824   42.4917   46.1088
  QMMM:    55     6202      N       43.2388   41.2971   46.2906
  QMMM:    56     6203      H       43.6619   40.7159   45.5813
  QMMM:    57     6204      C       43.3047   41.0409   47.6006
  QMMM:    58     6205      H       43.8416   40.2066   48.0274
  QMMM:    59     6206      N       42.7357   42.0387   48.2916
  QMMM:    60     6207      C       42.2411   42.9503   47.3518
  QMMM:    61     6208      H       41.7479   43.8889   47.5573
  QMMM:    62     6234      C       38.5962   39.2351   50.1076
  QMMM:    63     6235      H       37.6139   39.0543   49.6711
  QMMM:    64     6236      H       38.6272   38.6916   51.0519
  QMMM:    65     6237      C       38.7189   40.6994   50.4501
  QMMM:    66     6238      N       38.5374   41.2050   51.7139
  QMMM:    67     6239      H       38.4752   40.6474   52.5537
  QMMM:    68     6240      C       38.7081   42.5327   51.6674
  QMMM:    69     6241      H       38.6861   43.1806   52.5311
  QMMM:    70     6242      N       38.9776   42.9217   50.4117
  QMMM:    71     6243      C       38.9714   41.7634   49.6227
  QMMM:    72     6244      H       39.1494   41.7109   48.5588
  QMMM:    73     6660      C       45.7211   37.8201   46.2915
  QMMM:    74     6661      H       44.6619   37.8219   46.5487
  QMMM:    75     6662      H       46.1354   36.8658   46.6169
  QMMM:    76     6663      C       46.3948   38.9500   47.0740
  QMMM:    77     6664      O       46.1600   40.1359   46.7590
  QMMM:    78     6665      O       47.1658   38.6932   48.0308
  QMMM:    79     7081      C       37.0789   46.3374   45.0511
  QMMM:    80     7082      H       37.1037   47.3888   44.7647
  QMMM:    81     7083      H       36.0967   46.1414   45.4812
  QMMM:    82     7084      C       38.0825   46.1375   46.1451
  QMMM:    83     7085      N       39.2186   46.8817   46.3142
  QMMM:    84     7086      H       39.4998   47.6699   45.7486
  QMMM:    85     7087      C       39.7680   46.5285   47.4779
  QMMM:    86     7088      H       40.6285   47.0250   47.9015
  QMMM:    87     7089      N       39.0626   45.5439   48.0584
  QMMM:    88     7090      C       37.9742   45.2959   47.2194
  QMMM:    89     7091      H       37.1526   44.6223   47.4135
  QMMM:    90     7108      C       43.7393   47.7845   44.7643
  QMMM:    91     7109      H       43.3403   46.7882   44.5739
  QMMM:    92     7110      H       44.6111   47.9133   44.1227
  QMMM:    93     7111      C       44.1763   47.8314   46.2119
  QMMM:    94     7112      N       44.6079   48.9380   46.8994
  QMMM:    95     7113      H       44.6088   49.8739   46.5199
  QMMM:    96     7114      C       44.9367   48.5677   48.1462
  QMMM:    97     7115      H       45.3233   49.2342   48.9029
  QMMM:    98     7116      N       44.7517   47.2470   48.3012
  QMMM:    99     7117      C       44.2151   46.7856   47.0905
  QMMM:   100     7118      H       43.9201   45.7735   46.8556
  QMMM:   101     7197      C       38.3328   50.3621   47.7425
  QMMM:   102     7198      H       37.5887   50.9131   48.3178
  QMMM:   103     7199      H       37.8685   49.4334   47.4108
  QMMM:   104     7200      C       39.5197   50.0184   48.6727
  QMMM:   105     7201      O       40.4959   49.3751   48.2141
  QMMM:   106     7202      O       39.4440   50.3165   49.8911
  QMMM:   107     8283      Cu      39.4175   44.7974   49.8567
  QMMM:   108     8284      Cu      45.2522   46.1731   49.9396
  QMMM:   109     8285      Cu      42.9740   42.2945   50.2193
  QMMM:   110     8298      O       43.2137   39.5141   50.8048
  QMMM:   111     8299      H       43.2604   38.8736   50.0950
  QMMM:   112     8300      H       42.6377   39.1106   51.4541
  QMMM:   113     8301      O       41.4869   38.3245   52.5755
  QMMM:   114     8302      H       42.0010   37.6281   52.9840
  QMMM:   115     8303      H       40.9224   38.6487   53.2772
  QMMM:   116     8304      O       43.0818   37.7165   48.8011
  QMMM:   117     8305      H       43.3896   36.8618   48.4994
  QMMM:   118     8306      H       42.5054   38.0241   48.1016
  QMMM:   119     8307      O       41.9799   46.6059   49.8485
  QMMM:   120     8308      H       41.4991   47.1220   50.4956
  QMMM:   121     8309      H       42.1338   47.2128   49.1245
  QMMM:   122     8310      O       40.8331   48.5675   51.2960
  QMMM:   123     8311      H       40.3613   49.1460   50.6968
  QMMM:   124     8312      H       40.9088   49.0719   52.1060
  QMMM:   125              *H       41.9792   44.4489   55.9321
  QMMM:   126              *H       46.1545   42.3033   52.2354
  QMMM:   127              *H       38.8670   39.8173   57.0055
  QMMM:   128              *H       45.5675   48.9561   55.5537
  QMMM:   129              *H       38.7331   48.8584   54.3697
  QMMM:   130              *H       41.9039   42.5190   44.0221
  QMMM:   131              *H       39.3554   38.8303   49.4385
  QMMM:   132              *H       45.7996   37.8885   45.2065
  QMMM:   133              *H       37.1998   45.7111   44.1671
  QMMM:   134              *H       42.9818   48.5235   44.5030
  QMMM:   135              *H       38.6027   50.9467   46.8630

--------------------------------------------------------------------------------
  3.1 QM CALCULATION INFO
--------------------------------------------------------------------------------

| Please also cite the following work for the use of the QM/MM interface:

| A. W. G"otz, M. A. Clark, R. C. Walker
| "An extensible interface for ab initio QM/MM molecular dynamics simulations
|  with AMBER"
| J. Comput. Chem. 35 (2014) 95-108.
| DOI: 10.1002/jcc.23444

 Constants for unit conversion taken from
 Mohr, Taylor, Newell, Rev. Mod. Phys. 80 (2008) 633-730
 and using the thermochemical calorie (1 cal = 4.184 J):

 A_TO_BOHRS  =  1.889726132873E+00
 AU_TO_KCAL  =  6.2750946943E+02
 AU_TO_DEBYE =  2.54174623E+00

   >>> Running QM calculation with Orca <<<

| Program orca found!
| Executable location: /usr/apps/orca_3_0_2_linux_x86-64/orca


| "NONE" or "-1" indicates ORCA default values

| &orc
|   basis        = DEF2-SVP            
|   cbasis       = NONE                
|   jbasis       = NONE                
|   method       = b3lyp UKS           
|   convkey      = verytightscf        
|   guess        = read                
|   scfconv      =   -1
|   grid         =    4
|   finalgrid    =    6
|   maxiter      =  500
|   maxcore      = 1024
|   ntpr         = 50
|   num_threads  = 8
|   debug        =  0
|   dipole       = F
|   use_template = F
| /
--------------------------------------------------------------------------------
   4.  RESULTS
--------------------------------------------------------------------------------


   NSTEP       ENERGY          RMS            GMAX         NAME    NUMBER
      1      -5.5192E+06     1.9345E+01     6.3866E+01     O       13680

 BOND    =      300.6739  ANGLE   =     1132.3393  DIHED      =     6271.9876
 VDWAALS =    69148.7956  EEL     =  -528523.6160  HBOND      =        0.0000
 1-4 VDW =     1649.6160  1-4 EEL =    18585.7728  RESTRAINT  =        0.0000
 EXTERNESCF = -5087762.1201


   NSTEP       ENERGY          RMS            GMAX         NAME    NUMBER
     50      -5.5291E+06     1.9116E+01     5.9117E+01     O       13680

 BOND    =      296.8565  ANGLE   =     1146.2808  DIHED      =     6275.6411
 VDWAALS =    66419.6172  EEL     =  -535658.4708  HBOND      =        0.0000
 1-4 VDW =     1650.5497  1-4 EEL =    18572.4956  RESTRAINT  =        0.0000
 EXTERNESCF = -5087802.6826


   NSTEP       ENERGY          RMS            GMAX         NAME    NUMBER
    100      -5.5291E+06     1.9116E+01     5.9117E+01     O       13680

 BOND    =      296.8565  ANGLE   =     1146.2810  DIHED      =     6275.6412
 VDWAALS =    66419.5886  EEL     =  -535664.2108  HBOND      =        0.0000
 1-4 VDW =     1650.5497  1-4 EEL =    18572.4958  RESTRAINT  =        0.0000
 EXTERNESCF = -5087802.6828


   NSTEP       ENERGY          RMS            GMAX         NAME    NUMBER
    150      -5.5291E+06     1.9116E+01     5.9117E+01     O       13680

 BOND    =      296.8565  ANGLE   =     1146.2812  DIHED      =     6275.6412
 VDWAALS =    66419.5585  EEL     =  -535669.9475  HBOND      =        0.0000
 1-4 VDW =     1650.5497  1-4 EEL =    18572.4958  RESTRAINT  =        0.0000
 EXTERNESCF = -5087802.6830


   NSTEP       ENERGY          RMS            GMAX         NAME    NUMBER
    200      -5.5291E+06     1.9116E+01     5.9117E+01     O       13680

 BOND    =      296.8565  ANGLE   =     1146.2814  DIHED      =     6275.6413
 VDWAALS =    66419.5284  EEL     =  -535650.5788  HBOND      =        0.0000
 1-4 VDW =     1650.5497  1-4 EEL =    18572.4958  RESTRAINT  =        0.0000
 EXTERNESCF = -5087802.6844

     ... RESTARTED DUE TO LINMIN FAILURE ...

     ... RESTARTED DUE TO LINMIN FAILURE ...


   NSTEP       ENERGY          RMS            GMAX         NAME    NUMBER
    250      -5.5291E+06     1.9116E+01     5.9117E+01     O       13680

 BOND    =      296.8564  ANGLE   =     1146.2816  DIHED      =     6275.6413
 VDWAALS =    66419.5034  EEL     =  -535621.6793  HBOND      =        0.0000
 1-4 VDW =     1650.5497  1-4 EEL =    18572.4956  RESTRAINT  =        0.0000
 EXTERNESCF = -5087802.6849

     ... RESTARTED DUE TO LINMIN FAILURE ...

     ... RESTARTED DUE TO LINMIN FAILURE ...


   NSTEP       ENERGY          RMS            GMAX         NAME    NUMBER
    300      -5.5291E+06     1.9116E+01     5.9117E+01     O       13680

 BOND    =      296.8564  ANGLE   =     1146.2817  DIHED      =     6275.6413
 VDWAALS =    66419.4891  EEL     =  -535621.6610  HBOND      =        0.0000
 1-4 VDW =     1650.5497  1-4 EEL =    18572.4956  RESTRAINT  =        0.0000
 EXTERNESCF = -5087802.6846

     ... RESTARTED DUE TO LINMIN FAILURE ...

     ***** REPEATED LINMIN FAILURE *****

     ***** SEE http://ambermd.org/Questions/linmin.html FOR MORE INFO *****


                    FINAL RESULTS



   NSTEP       ENERGY          RMS            GMAX         NAME    NUMBER
    314      -5.5291E+06     1.9116E+01     5.9117E+01     O       13680

 BOND    =      296.8564  ANGLE   =     1146.2817  DIHED      =     6275.6413
 VDWAALS =    66419.4887  EEL     =  -535621.6604  HBOND      =        0.0000
 1-4 VDW =     1650.5497  1-4 EEL =    18572.4956  RESTRAINT  =        0.0000
 EXTERNESCF = -5087802.6840

--------------------------------------------------------------------------------
   5.  TIMINGS
--------------------------------------------------------------------------------

|                Build the list             8.04 (100.0% of List )
|                Other                      0.01 ( 0.08% of List )
|             List time                  8.05 ( 3.76% of Nonbo)
|                   Short_ene time           204.28 (99.42% of Direc)
|                   Other                      1.20 ( 0.58% of Direc)
|                Direct Ewald time        205.48 (99.85% of Ewald)
|                Other                      0.30 ( 0.15% of Ewald)
|             Ewald time               205.79 (96.24% of Nonbo)
|          Nonbond force            213.83 ( 0.01% of Force)
|          QMMM                 2527683.57 (100.0% of Force)
|       Force time           2527901.41 (100.0% of Runmd)
|    Runmd Time           2527901.41 (100.0% of Total)
| Total time           2527905.81 (100.0% of ALL  )

| Number of list builds   :         13

| Highest rstack allocated:       1405
| Highest istack allocated:        281
|           Job began  at 12:29:09.155  on 06/28/2023
|           Setup done at 12:29:09.969  on 06/28/2023
|           Run   done at 18:40:54.968  on 07/27/2023
|     wallclock() was called   10746 times

|3D-RISM memory allocation summary
|Type          Maximum        Current   
|Integer       0.00000 GB     0.00000 GB
|Real          0.00000 GB     0.00000 GB
|Logical       0.00000 GB     0.00000 GB
|Character     0.00000 GB     0.00000 GB
|---------------------------------------
|Total         0.00000 GB     0.00000 GB
